[    0.000000] Linux version 4.15.0-101-generic (buildd@lgw01-amd64-003) (gcc version 7.5.0 (Ubuntu 7.5.0-3ubuntu1~18.04)) #102-Ubuntu SMP Mon May 11 10:07:26 UTC 2020 (Ubuntu 4.15.0-101.102-generic 4.15.18)
[    0.000000] Command line: BOOT_IMAGE=/boot/vmlinuz-4.15.0-101-generic root=UUID=7ae93c27-5720-4ac8-8ced-366726a2c6ac ro console=tty1 console=ttyS0
[    0.000000] KERNEL supported cpus:
[    0.000000]   Intel GenuineIntel
[    0.000000]   AMD AuthenticAMD
[    0.000000]   Centaur CentaurHauls
[    0.000000] x86/fpu: Supporting XSAVE feature 0x001: 'x87 floating point registers'
[    0.000000] x86/fpu: Supporting XSAVE feature 0x002: 'SSE registers'
[    0.000000] x86/fpu: Supporting XSAVE feature 0x004: 'AVX registers'
[    0.000000] x86/fpu: xstate_offset[2]:  576, xstate_sizes[2]:  256
[    0.000000] x86/fpu: Enabled xstate features 0x7, context size is 832 bytes, using 'standard' format.
[    0.000000] e820: BIOS-provided physical RAM map:
[    0.000000] BIOS-e820: [mem 0x0000000000000000-0x000000000009fbff] usable
[    0.000000] BIOS-e820: [mem 0x000000000009fc00-0x000000000009ffff] reserved
[    0.000000] BIOS-e820: [mem 0x00000000000f0000-0x00000000000fffff] reserved
[    0.000000] BIOS-e820: [mem 0x0000000000100000-0x000000003ffeffff] usable
[    0.000000] BIOS-e820: [mem 0x000000003fff0000-0x000000003fffffff] ACPI data
[    0.000000] BIOS-e820: [mem 0x00000000fec00000-0x00000000fec00fff] reserved
[    0.000000] BIOS-e820: [mem 0x00000000fee00000-0x00000000fee00fff] reserved
[    0.000000] BIOS-e820: [mem 0x00000000fffc0000-0x00000000ffffffff] reserved
[    0.000000] NX (Execute Disable) protection: active
[    0.000000] SMBIOS 2.5 present.
[    0.000000] DMI: innotek GmbH VirtualBox/VirtualBox, BIOS VirtualBox 12/01/2006
[    0.000000] Hypervisor detected: KVM
[    0.000000] e820: last_pfn = 0x3fff0 max_arch_pfn = 0x400000000
[    0.000000] MTRR: Disabled
[    0.000000] x86/PAT: MTRRs disabled, skipping PAT initialization too.
[    0.000000] CPU MTRRs all blank - virtualized system.
[    0.000000] x86/PAT: Configuration [0-7]: WB  WT  UC- UC  WB  WT  UC- UC  
[    0.000000] found SMP MP-table at [mem 0x0009fff0-0x0009ffff]
[    0.000000] Scanning 1 areas for low memory corruption
[    0.000000] RAMDISK: [mem 0x3595d000-0x36ca5fff]
[    0.000000] ACPI: Early table checksum verification disabled
[    0.000000] ACPI: RSDP 0x00000000000E0000 000024 (v02 VBOX  )
[    0.000000] ACPI: XSDT 0x000000003FFF0030 00003C (v01 VBOX   VBOXXSDT 00000001 ASL  00000061)
[    0.000000] ACPI: FACP 0x000000003FFF00F0 0000F4 (v04 VBOX   VBOXFACP 00000001 ASL  00000061)
[    0.000000] ACPI: DSDT 0x000000003FFF0470 002325 (v02 VBOX   VBOXBIOS 00000002 INTL 20100528)
[    0.000000] ACPI: FACS 0x000000003FFF0200 000040
[    0.000000] ACPI: FACS 0x000000003FFF0200 000040
[    0.000000] ACPI: APIC 0x000000003FFF0240 00005C (v02 VBOX   VBOXAPIC 00000001 ASL  00000061)
[    0.000000] ACPI: SSDT 0x000000003FFF02A0 0001CC (v01 VBOX   VBOXCPUT 00000002 INTL 20100528)
[    0.000000] No NUMA configuration found
[    0.000000] Faking a node at [mem 0x0000000000000000-0x000000003ffeffff]
[    0.000000] NODE_DATA(0) allocated [mem 0x3ffc5000-0x3ffeffff]
[    0.000000] kvm-clock: cpu 0, msr 0:3ff44001, primary cpu clock
[    0.000000] kvm-clock: Using msrs 4b564d01 and 4b564d00
[    0.000000] kvm-clock: using sched offset of 10184964736 cycles
[    0.000000] clocksource: kvm-clock: mask: 0xffffffffffffffff max_cycles: 0x1cd42e4dffb, max_idle_ns: 881590591483 ns
[    0.000000] Zone ranges:
[    0.000000]   DMA      [mem 0x0000000000001000-0x0000000000ffffff]
[    0.000000]   DMA32    [mem 0x0000000001000000-0x000000003ffeffff]
[    0.000000]   Normal   empty
[    0.000000]   Device   empty
[    0.000000] Movable zone start for each node
[    0.000000] Early memory node ranges
[    0.000000]   node   0: [mem 0x0000000000001000-0x000000000009efff]
[    0.000000]   node   0: [mem 0x0000000000100000-0x000000003ffeffff]
[    0.000000] Reserved but unavailable: 98 pages
[    0.000000] Initmem setup node 0 [mem 0x0000000000001000-0x000000003ffeffff]
[    0.000000] ACPI: PM-Timer IO Port: 0x4008
[    0.000000] IOAPIC[0]: apic_id 2, version 32, address 0xfec00000, GSI 0-23
[    0.000000] ACPI: INT_SRC_OVR (bus 0 bus_irq 0 global_irq 2 dfl dfl)
[    0.000000] ACPI: INT_SRC_OVR (bus 0 bus_irq 9 global_irq 9 low level)
[    0.000000] Using ACPI (MADT) for SMP configuration information
[    0.000000] smpboot: Allowing 2 CPUs, 0 hotplug CPUs
[    0.000000] PM: Registered nosave memory: [mem 0x00000000-0x00000fff]
[    0.000000] PM: Registered nosave memory: [mem 0x0009f000-0x0009ffff]
[    0.000000] PM: Registered nosave memory: [mem 0x000a0000-0x000effff]
[    0.000000] PM: Registered nosave memory: [mem 0x000f0000-0x000fffff]
[    0.000000] e820: [mem 0x40000000-0xfebfffff] available for PCI devices
[    0.000000] Booting paravirtualized kernel on KVM
[    0.000000] clocksource: refined-jiffies: mask: 0xffffffff max_cycles: 0xffffffff, max_idle_ns: 7645519600211568 ns
[    0.000000] random: get_random_bytes called from start_kernel+0x99/0x4fd with crng_init=0
[    0.000000] setup_percpu: NR_CPUS:8192 nr_cpumask_bits:2 nr_cpu_ids:2 nr_node_ids:1
[    0.000000] percpu: Embedded 45 pages/cpu s147456 r8192 d28672 u1048576
[    0.000000] PV qspinlock hash table entries: 256 (order: 0, 4096 bytes)
[    0.000000] Built 1 zonelists, mobility grouping on.  Total pages: 257913
[    0.000000] Policy zone: DMA32
[    0.000000] Kernel command line: BOOT_IMAGE=/boot/vmlinuz-4.15.0-101-generic root=UUID=7ae93c27-5720-4ac8-8ced-366726a2c6ac ro console=tty1 console=ttyS0
[    0.000000] Memory: 982520K/1048120K available (12300K kernel code, 2481K rwdata, 4268K rodata, 2432K init, 2712K bss, 65600K reserved, 0K cma-reserved)
[    0.000000] SLUB: HWalign=64, Order=0-3, MinObjects=0, CPUs=2, Nodes=1
[    0.000000] Kernel/User page tables isolation: enabled
[    0.000000] ftrace: allocating 39364 entries in 154 pages
[    0.004000] Hierarchical RCU implementation.
[    0.004000] 	RCU restricting CPUs from NR_CPUS=8192 to nr_cpu_ids=2.
[    0.004000] 	Tasks RCU enabled.
[    0.004000] RCU: Adjusting geometry for rcu_fanout_leaf=16, nr_cpu_ids=2
[    0.004000] NR_IRQS: 524544, nr_irqs: 440, preallocated irqs: 16
[    0.004000] Console: colour VGA+ 80x25
[    0.004000] console [tty1] enabled
[    0.004000] console [ttyS0] enabled
[    0.004000] ACPI: Core revision 20170831
[    0.004000] ACPI: 2 ACPI AML tables successfully acquired and loaded
[    0.004000] APIC: Switch to symmetric I/O mode setup
[    0.004000] x2apic enabled
[    0.004000] Switched APIC routing to physical x2apic.
[    0.006769] ..TIMER: vector=0x30 apic1=0 pin1=2 apic2=-1 pin2=-1
[    0.008004] tsc: Detected 2208.000 MHz processor
[    0.012015] Calibrating delay loop (skipped) preset value.. 4416.00 BogoMIPS (lpj=8832000)
[    0.015064] pid_max: default: 32768 minimum: 301
[    0.016073] Security Framework initialized
[    0.017585] Yama: becoming mindful.
[    0.020034] AppArmor: AppArmor initialized
[    0.024000] Dentry cache hash table entries: 131072 (order: 8, 1048576 bytes)
[    0.024131] Inode-cache hash table entries: 65536 (order: 7, 524288 bytes)
[    0.028030] Mount-cache hash table entries: 2048 (order: 2, 16384 bytes)
[    0.032014] Mountpoint-cache hash table entries: 2048 (order: 2, 16384 bytes)
[    0.036612] Last level iTLB entries: 4KB 64, 2MB 8, 4MB 8
[    0.039081] Last level dTLB entries: 4KB 64, 2MB 0, 4MB 0, 1GB 4
[    0.040007] Spectre V1 : Mitigation: usercopy/swapgs barriers and __user pointer sanitization
[    0.044007] Spectre V2 : Mitigation: Full generic retpoline
[    0.048004] Spectre V2 : Spectre v2 / SpectreRSB mitigation: Filling RSB on context switch
[    0.052005] Speculative Store Bypass: Vulnerable
[    0.056106] MDS: Vulnerable: Clear CPU buffers attempted, no microcode
[    0.059571] Freeing SMP alternatives memory: 36K
[    0.173815] smpboot: CPU0: Intel(R) Core(TM) i7-8750H CPU @ 2.20GHz (family: 0x6, model: 0x9e, stepping: 0xa)
[    0.176161] Performance Events: unsupported p6 CPU model 158 no PMU driver, software events only.
[    0.180075] Hierarchical SRCU implementation.
[    0.184531] NMI watchdog: Perf event create on CPU 0 failed with -2
[    0.187276] NMI watchdog: Perf NMI watchdog permanently disabled
[    0.188097] smp: Bringing up secondary CPUs ...
[    0.190376] x86: Booting SMP configuration:
[    0.192006] .... node  #0, CPUs:      #1
[    0.004000] kvm-clock: cpu 1, msr 0:3ff44041, secondary cpu clock
[    0.200066] smp: Brought up 1 node, 2 CPUs
[    0.202061] smpboot: Max logical packages: 1
[    0.204069] smpboot: Total of 2 processors activated (8832.00 BogoMIPS)
[    0.208250] devtmpfs: initialized
[    0.209817] x86/mm: Memory block size: 128MB
[    0.212367] evm: security.selinux
[    0.213742] evm: security.SMACK64
[    0.216004] evm: security.SMACK64EXEC
[    0.217318] evm: security.SMACK64TRANSMUTE
[    0.218830] evm: security.SMACK64MMAP
[    0.220025] evm: security.apparmor
[    0.221619] evm: security.ima
[    0.222771] evm: security.capability
[    0.224205] clocksource: jiffies: mask: 0xffffffff max_cycles: 0xffffffff, max_idle_ns: 7645041785100000 ns
[    0.228042] futex hash table entries: 512 (order: 3, 32768 bytes)
[    0.236000] pinctrl core: initialized pinctrl subsystem
[    0.236232] RTC time: 12:43:14, date: 06/02/20
[    0.240161] NET: Registered protocol family 16
[    0.242529] audit: initializing netlink subsys (disabled)
[    0.244062] audit: type=2000 audit(1591101806.293:1): state=initialized audit_enabled=0 res=1
[    0.248017] cpuidle: using governor ladder
[    0.249961] cpuidle: using governor menu
[    0.252092] ACPI: bus type PCI registered
[    0.254053] acpiphp: ACPI Hot Plug PCI Controller Driver version: 0.5
[    0.256240] PCI: Using configuration type 1 for base access
[    0.264165] HugeTLB registered 2.00 MiB page size, pre-allocated 0 pages
[    0.268201] ACPI: Added _OSI(Module Device)
[    0.270263] ACPI: Added _OSI(Processor Device)
[    0.272020] ACPI: Added _OSI(3.0 _SCP Extensions)
[    0.274167] ACPI: Added _OSI(Processor Aggregator Device)
[    0.276020] ACPI: Added _OSI(Linux-Dell-Video)
[    0.278071] ACPI: Added _OSI(Linux-Lenovo-NV-HDMI-Audio)
[    0.280006] ACPI: Added _OSI(Linux-HPI-Hybrid-Graphics)
[    0.284730] ACPI: Executed 1 blocks of module-level executable AML code
[    0.298539] ACPI: Interpreter enabled
[    0.300044] ACPI: (supports S0 S5)
[    0.301446] ACPI: Using IOAPIC for interrupt routing
[    0.304778] PCI: Using host bridge windows from ACPI; if necessary, use "pci=nocrs" and report a bug
[    0.308468] ACPI: Enabled 2 GPEs in block 00 to 07
[    0.329506] ACPI: PCI Root Bridge [PCI0] (domain 0000 [bus 00-ff])
[    0.332017] acpi PNP0A03:00: _OSC: OS supports [ASPM ClockPM Segments MSI]
[    0.336807] acpi PNP0A03:00: _OSC: not requesting OS control; OS requires [ExtendedConfig ASPM ClockPM MSI]
[    0.340030] acpi PNP0A03:00: fail to add MMCONFIG information, can't access extended PCI configuration space under this bridge.
[    0.348198] PCI host bridge to bus 0000:00
[    0.350140] pci_bus 0000:00: root bus resource [io  0x0000-0x0cf7 window]
[    0.352008] pci_bus 0000:00: root bus resource [io  0x0d00-0xffff window]
[    0.356008] pci_bus 0000:00: root bus resource [mem 0x000a0000-0x000bffff window]
[    0.359670] pci_bus 0000:00: root bus resource [mem 0x40000000-0xfdffffff window]
[    0.360010] pci_bus 0000:00: root bus resource [bus 00-ff]
[    0.371524] pci 0000:00:01.1: legacy IDE quirk: reg 0x10: [io  0x01f0-0x01f7]
[    0.372008] pci 0000:00:01.1: legacy IDE quirk: reg 0x14: [io  0x03f6]
[    0.376010] pci 0000:00:01.1: legacy IDE quirk: reg 0x18: [io  0x0170-0x0177]
[    0.380006] pci 0000:00:01.1: legacy IDE quirk: reg 0x1c: [io  0x0376]
[    0.417459] pci 0000:00:07.0: quirk: [io  0x4000-0x403f] claimed by PIIX4 ACPI
[    0.420039] pci 0000:00:07.0: quirk: [io  0x4100-0x410f] claimed by PIIX4 SMB
[    0.436866] ACPI: PCI Interrupt Link [LNKA] (IRQs 5 9 10 *11)
[    0.440596] ACPI: PCI Interrupt Link [LNKB] (IRQs 5 9 *10 11)
[    0.444221] ACPI: PCI Interrupt Link [LNKC] (IRQs 5 *9 10 11)
[    0.447232] ACPI: PCI Interrupt Link [LNKD] (IRQs 5 9 10 *11)
[    0.448961] SCSI subsystem initialized
[    0.452113] pci 0000:00:02.0: vgaarb: setting as boot VGA device
[    0.454716] pci 0000:00:02.0: vgaarb: VGA device added: decodes=io+mem,owns=io+mem,locks=none
[    0.456013] pci 0000:00:02.0: vgaarb: bridge control possible
[    0.458807] vgaarb: loaded
[    0.460073] ACPI: bus type USB registered
[    0.462269] usbcore: registered new interface driver usbfs
[    0.464031] usbcore: registered new interface driver hub
[    0.466708] usbcore: registered new device driver usb
[    0.468327] EDAC MC: Ver: 3.0.0
[    0.472567] PCI: Using ACPI for IRQ routing
[    0.474694] NetLabel: Initializing
[    0.476008] NetLabel:  domain hash size = 128
[    0.480006] NetLabel:  protocols = UNLABELED CIPSOv4 CALIPSO
[    0.482559] NetLabel:  unlabeled traffic allowed by default
[    0.484238] clocksource: Switched to clocksource kvm-clock
[    0.527963] VFS: Disk quotas dquot_6.6.0
[    0.529965] VFS: Dquot-cache hash table entries: 512 (order 0, 4096 bytes)
[    0.533251] AppArmor: AppArmor Filesystem Enabled
[    0.535628] pnp: PnP ACPI init
[    0.540386] pnp: PnP ACPI: found 3 devices
[    0.569375] clocksource: acpi_pm: mask: 0xffffff max_cycles: 0xffffff, max_idle_ns: 2085701024 ns
[    0.573550] NET: Registered protocol family 2
[    0.575924] TCP established hash table entries: 8192 (order: 4, 65536 bytes)
[    0.579095] TCP bind hash table entries: 8192 (order: 5, 131072 bytes)
[    0.585963] TCP: Hash tables configured (established 8192 bind 8192)
[    0.591620] UDP hash table entries: 512 (order: 2, 16384 bytes)
[    0.594328] UDP-Lite hash table entries: 512 (order: 2, 16384 bytes)
[    0.597396] NET: Registered protocol family 1
[    0.599602] pci 0000:00:00.0: Limiting direct PCI/PCI transfers
[    0.602302] pci 0000:00:01.0: Activating ISA DMA hang workarounds
[    0.605241] pci 0000:00:02.0: Video device with shadowed ROM at [mem 0x000c0000-0x000dffff]
[    0.609217] Unpacking initramfs...
[    1.403262] Freeing initrd memory: 19748K
[    1.405595] clocksource: tsc: mask: 0xffffffffffffffff max_cycles: 0x1fd3b81b95f, max_idle_ns: 440795257325 ns
[    1.410217] platform rtc_cmos: registered platform RTC device (no PNP device found)
[    1.413863] Scanning for low memory corruption every 60 seconds
[    1.418181] Initialise system trusted keyrings
[    1.420450] Key type blacklist registered
[    1.422743] workingset: timestamp_bits=36 max_order=18 bucket_order=0
[    1.428537] zbud: loaded
[    1.430857] squashfs: version 4.0 (2009/01/31) Phillip Lougher
[    1.433944] fuse init (API version 7.26)
[    1.441790] Key type asymmetric registered
[    1.443743] Asymmetric key parser 'x509' registered
[    1.446249] Block layer SCSI generic (bsg) driver version 0.4 loaded (major 246)
[    1.449862] io scheduler noop registered
[    1.451757] io scheduler deadline registered
[    1.454303] io scheduler cfq registered (default)
[    1.458332] ACPI: AC Adapter [AC] (off-line)
[    1.461154] input: Power Button as /devices/LNXSYSTM:00/LNXPWRBN:00/input/input0
[    1.468208] ACPI: Power Button [PWRF]
[    1.470873] input: Sleep Button as /devices/LNXSYSTM:00/LNXSLPBN:00/input/input1
[    1.474684] ACPI: Sleep Button [SLPF]
[    1.480302] ACPI: Battery Slot [BAT0] (battery present)
[    1.480526] Serial: 8250/16550 driver, 32 ports, IRQ sharing enabled
[    1.507823] 00:02: ttyS0 at I/O 0x3f8 (irq = 4, base_baud = 115200) is a 16550A
[    1.521076] Linux agpgart interface v0.103
[    1.525924] loop: module loaded
[    1.528916] scsi host0: ata_piix
[    1.531015] scsi host1: ata_piix
[    1.532759] ata1: PATA max UDMA/33 cmd 0x1f0 ctl 0x3f6 bmdma 0xd000 irq 14
[    1.535778] ata2: PATA max UDMA/33 cmd 0x170 ctl 0x376 bmdma 0xd008 irq 15
[    1.539041] libphy: Fixed MDIO Bus: probed
[    1.541154] tun: Universal TUN/TAP device driver, 1.6
[    1.543563] PPP generic driver version 2.4.2
[    1.545890] ehci_hcd: USB 2.0 'Enhanced' Host Controller (EHCI) Driver
[    1.548866] ehci-pci: EHCI PCI platform driver
[    1.550998] ehci-platform: EHCI generic platform driver
[    1.553547] ohci_hcd: USB 1.1 'Open' Host Controller (OHCI) Driver
[    1.556403] ohci-pci: OHCI PCI platform driver
[    1.558524] ohci-platform: OHCI generic platform driver
[    1.560976] uhci_hcd: USB Universal Host Controller Interface driver
[    1.564021] i8042: PNP: PS/2 Controller [PNP0303:PS2K,PNP0f03:PS2M] at 0x60,0x64 irq 1,12
[    1.568938] serio: i8042 KBD port at 0x60,0x64 irq 1
[    1.570993] serio: i8042 AUX port at 0x60,0x64 irq 12
[    1.573204] mousedev: PS/2 mouse device common for all mice
[    1.576142] input: AT Translated Set 2 keyboard as /devices/platform/i8042/serio0/input/input2
[    1.580531] rtc_cmos rtc_cmos: rtc core: registered rtc_cmos as rtc0
[    1.583091] rtc_cmos rtc_cmos: alarms up to one day, 114 bytes nvram
[    1.585789] i2c /dev entries driver
[    1.587242] device-mapper: uevent: version 1.0.3
[    1.590198] device-mapper: ioctl: 4.37.0-ioctl (2017-09-20) initialised: dm-devel@redhat.com
[    1.593692] ledtrig-cpu: registered to indicate activity on CPUs
[    1.597495] NET: Registered protocol family 10
[    1.609374] Segment Routing with IPv6
[    1.611170] NET: Registered protocol family 17
[    1.613353] Key type dns_resolver registered
[    1.615893] mce: Using 0 MCE banks
[    1.617625] RAS: Correctable Errors collector initialized.
[    1.620183] sched_clock: Marking stable (1617577997, 0)->(2071654827, -454076830)
[    1.625443] registered taskstats version 1
[    1.627625] Loading compiled-in X.509 certificates
[    1.635821] Loaded X.509 cert 'Build time autogenerated kernel key: 81757e40860ca54b8a45e323b66799c03c91a344'
[    1.640516] zswap: loaded using pool lzo/zbud
[    1.653759] Key type big_key registered
[    1.655605] Key type trusted registered
[    1.662197] Key type encrypted registered
[    1.664201] AppArmor: AppArmor sha1 policy hashing enabled
[    1.666850] ima: No TPM chip found, activating TPM-bypass! (rc=-19)
[    1.669788] ima: Allocated hash algorithm: sha1
[    1.671894] evm: HMAC attrs: 0x1
[    1.674053]   Magic number: 8:106:733
[    1.676180] rtc_cmos rtc_cmos: setting system clock to 2020-06-02 12:43:16 UTC (1591101796)
[    1.680158] BIOS EDD facility v0.16 2004-Jun-25, 0 devices found
[    1.682854] EDD information not available.
[    1.729470] Freeing unused kernel image memory: 2432K
[    1.740952] Write protecting the kernel read-only data: 20480k
[    1.745107] Freeing unused kernel image memory: 2008K
[    1.748198] Freeing unused kernel image memory: 1876K
[    1.770706] x86/mm: Checked W+X mappings: passed, no W+X pages found.
[    1.773636] x86/mm: Checking user space page tables
[    1.794985] x86/mm: Checked W+X mappings: passed, no W+X pages found.
Loading, please wait...
starting version 237
[    1.986430] e1000: Intel(R) PRO/1000 Network Driver - version 7.3.21-k8-NAPI
[    1.989353] e1000: Copyright (c) 1999-2006 Intel Corporation.
[    1.996192] Fusion MPT base driver 3.04.20
[    1.998969] Copyright (c) 1999-2008 LSI Corporation
[    2.010893] Fusion MPT SPI Host driver 3.04.20
[    2.054956] AVX2 version of gcm_enc/dec engaged.
[    2.058839] AES CTR mode by8 optimization enabled
[    2.219087] input: ImExPS/2 Generic Explorer Mouse as /devices/platform/i8042/serio1/input/input4
[    2.585061] e1000 0000:00:03.0 eth0: (PCI:33MHz:32-bit) 02:2b:21:86:a5:be
[    2.589535] e1000 0000:00:03.0 eth0: Intel(R) PRO/1000 Network Connection
[    2.595082] e1000 0000:00:03.0 enp0s3: renamed from eth0
[    2.595322] mptbase: ioc0: Initiating bringup
[    2.700861] ioc0: LSI53C1030 A0: Capabilities={Initiator}
[    2.955391] scsi host2: ioc0: LSI53C1030 A0, FwRev=00000000h, Ports=1, MaxQ=256, IRQ=20
[    3.125737] scsi 2:0:0:0: Direct-Access     VBOX     HARDDISK         1.0  PQ: 0 ANSI: 5
[    3.160066] scsi target2:0:0: Beginning Domain Validation
[    3.169334] scsi target2:0:0: Domain Validation skipping write tests
[    3.173306] scsi target2:0:0: Ending Domain Validation
[    3.176641] scsi target2:0:0: asynchronous
[    3.182707] scsi 2:0:1:0: Direct-Access     VBOX     HARDDISK         1.0  PQ: 0 ANSI: 5
[    3.216628] scsi target2:0:1: Beginning Domain Validation
[    3.222175] random: fast init done
[    3.227750] scsi target2:0:1: Domain Validation skipping write tests
[    3.230898] scsi target2:0:1: Ending Domain Validation
[    3.234003] scsi target2:0:1: asynchronous
[    3.253636] random: systemd-udevd: uninitialized urandom read (16 bytes read)
[    3.257297] random: systemd-udevd: uninitialized urandom read (16 bytes read)
[    3.261098] random: systemd-udevd: uninitialized urandom read (16 bytes read)
[    3.266642] sd 2:0:0:0: Attached scsi generic sg0 type 0
[    3.267556] sd 2:0:0:0: [sda] 20971520 512-byte logical blocks: (10.7 GB/10.0 GiB)
[    3.270735] sd 2:0:1:0: Attached scsi generic sg1 type 0
[    3.275517] sd 2:0:1:0: [sdb] 20480 512-byte logical blocks: (10.5 MB/10.0 MiB)
[    3.282235] sd 2:0:1:0: [sdb] Write Protect is off
[    3.284058] sd 2:0:0:0: [sda] Write Protect is off
[    3.288091] sd 2:0:1:0: [sdb] Incomplete mode parameter data
[    3.288110] sd 2:0:0:0: [sda] Incomplete mode parameter data
[    3.291221] sd 2:0:1:0: [sdb] Assuming drive cache: write through
[    3.299105] sd 2:0:0:0: [sda] Assuming drive cache: write through
[    3.312313]  sda: sda1
[    3.319393] sd 2:0:0:0: [sda] Attached SCSI disk
[    3.321717] sd 2:0:1:0: [sdb] Attached SCSI disk
Begin: Loading essential drivers ... [    5.720190] raid6: sse2x1   gen()  4810 MB/s
[    5.768048] raid6: sse2x1   xor()  3381 MB/s
[    5.816484] raid6: sse2x2   gen()  5403 MB/s
[    5.864058] raid6: sse2x2   xor()  3375 MB/s
[    5.912040] raid6: sse2x4   gen()  6186 MB/s
[    5.960037] raid6: sse2x4   xor()  4154 MB/s
[    6.008464] raid6: avx2x1   gen()  9426 MB/s
[    6.056328] raid6: avx2x1   xor()  6517 MB/s
[    6.104146] raid6: avx2x2   gen() 11033 MB/s
[    6.152043] raid6: avx2x2   xor()  7135 MB/s
[    6.200058] raid6: avx2x4   gen() 12924 MB/s
[    6.248038] raid6: avx2x4   xor()  7976 MB/s
[    6.250102] raid6: using algorithm avx2x4 gen() 12924 MB/s
[    6.252799] raid6: .... xor() 7976 MB/s, rmw enabled
[    6.255204] raid6: using avx2x2 recovery algorithm
[    6.260379] xor: automatically using best checksumming function   avx       
[    6.265596] async_tx: api initialized (async)
done.
Begin: Running /scripts/init-premount ... done.
Begin: Mounting root file system ... Begin: Running /scripts/local-top ... done.
Begin: Running /scripts/local-premount ... [    6.375677] Btrfs loaded, crc32c=crc32c-intel
Scanning for Btrfs filesystems
done.
Warning: fsck not present, so skipping root file system
[    6.443115] EXT4-fs (sda1): INFO: recovery required on readonly filesystem
[    6.446278] EXT4-fs (sda1): write access will be enabled during recovery
[    8.844893] random: crng init done
[    8.847388] random: 7 urandom warning(s) missed due to ratelimiting
[    8.903303] EXT4-fs (sda1): recovery complete
[    8.906408] EXT4-fs (sda1): mounted filesystem with ordered data mode. Opts: (null)
done.
Begin: Running /scripts/local-bottom ... done.
Begin: Running /scripts/init-bottom ... done.
[   12.098263] ip_tables: (C) 2000-2006 Netfilter Core Team
[   12.174516] systemd[1]: systemd 237 running in system mode. (+PAM +AUDIT +SELINUX +IMA +APPARMOR +SMACK +SYSVINIT +UTMP +LIBCRYPTSETUP +GCRYPT +GNUTLS +ACL +XZ +LZ4 +SECCOMP +BLKID +ELFUTILS +KMOD -IDN2 +IDN -PCRE2 default-hierarchy=hybrid)
[   12.184373] systemd[1]: Detected virtualization oracle.
[   12.186924] systemd[1]: Detected architecture x86-64.

Welcome to [1mUbuntu 18.04.4 LTS[0m!

[   12.288300] systemd[1]: Set hostname to <ubuntu-bionic>.
[   15.916639] systemd[1]: Reached target Swap.
[[0;32m  OK  [0m] Reached target Swap.
[   15.933320] systemd[1]: Set up automount Arbitrary Executable File Formats File System Automount Point.
[[0;32m  OK  [0m] Set up automount Arbitrary Executab…rmats File System Automount Point.
[   15.939205] systemd[1]: Reached target User and Group Name Lookups.
[[0;32m  OK  [0m] Reached target User and Group Name Lookups.
[   15.947849] systemd[1]: Created slice User and Session Slice.
[[0;32m  OK  [0m] Created slice User and Session Slice.
[   15.952077] systemd[1]: Reached target System Time Synchronized.
[[0;32m  OK  [0m] Reached target System Time Synchronized.
[   15.968236] systemd[1]: Started Forward Password Requests to Wall Directory Watch.
[[0;32m  OK  [0m] Started Forward Password Requests to Wall Directory Watch.
[[0;32m  OK  [0m] Created slice System Slice.
[[0;32m  OK  [0m] Listening on Device-mapper event daemon FIFOs.
[[0;32m  OK  [0m] Listening on Journal Socket.
[[0;32m  OK  [0m] Listening on Journal Socket (/dev/log).
[[0;32m  OK  [0m] Listening on /dev/initctl Compatibility Named Pipe.
         Starting Remount Root and Kernel File Systems...
         Mounting POSIX Message Queue File System...
[[0;32m  OK  [0m] Listening on Network Service Netlink Socket.
[   16.021248] EXT4-fs (sda1): re-mounted. Opts: (null)
[[0;32m  OK  [0m] Listening on LVM2 metadata daemon socket.
         Starting Monitoring of LVM2 mirrors…ng dmeventd or progress polling...
         Mounting Huge Pages File System...
[[0;32m  OK  [0m] Listening on LVM2 poll daemon socket.
[[0;32m  OK  [0m] Created slice system-serial\x2dgetty.slice.
         Starting Uncomplicated firewall...
[[0;32m  OK  [0m] Listening on udev Kernel Socket.
[[0;32m  OK  [0m] Listening on Syslog Socket.
         Starting Create list of required st…ce nodes for the current kernel...
[[0;32m  OK  [0m] Listening on udev Control Socket.
         Starting udev Coldplug all Devices...
[[0;32m  OK  [0m] Reached target Slices.
[[0;32m  OK  [0m] Listening on Journal Audit Socket.
         Starting Journal Service...
         Starting Set the console keyboard layout...
         Starting Load Kernel Modules...
         Mounting Kernel Debug File System...
[[0;32m  OK  [0m] Started Remount Root and Kernel File Systems.
[[0;32m  OK  [0m] Mounted POSIX Message Queue File System.
[[0;32m  OK  [0m] Mounted Huge Pages File System.
[[0;32m  OK  [0m] Started Uncomplicated firewall.
[[0;32m  OK  [0m] Started Create list of required sta…vice nodes for the current kernel.
[[0;32m  OK  [0m] Mounted Kernel Debug File System.
         Starting Create Static Device Nodes in /dev...
         Starting Load/Save Random Seed...
[[0;32m  OK  [0m] Started Journal Service.
[[0;32m  OK  [0m] Started udev Coldplug all Devices.
         Starting Flush Journal to Persistent Storage...
[[0;32m  OK  [0m] Started Load/Save Random Seed.
[   16.879798] systemd-journald[396]: Received request to flush runtime journal from PID 1
[   17.056519] Loading iSCSI transport class v2.0-870.
[[0;32m  OK  [0m] Started Create Static Device Nodes in /dev.
         Starting udev Kernel Device Manager...
[[0;32m  OK  [0m] Started LVM2 metadata daemon.
[   17.470166] iscsi: registered transport (tcp)
[[0;32m  OK  [0m] Started Set the console keyboard layout.
[   17.867612] iscsi: registered transport (iser)
[[0;32m  OK  [0m] Started Load Kernel Modules.
         Mounting Kernel Configuration File System...
         Starting Apply Kernel Variables...
         Mounting FUSE Control File System...
[[0;32m  OK  [0m] Mounted Kernel Configuration File System.
[[0;32m  OK  [0m] Mounted FUSE Control File System.
[[0;32m  OK  [0m] Started Monitoring of LVM2 mirrors,…sing dmeventd or progress polling.
[[0;32m  OK  [0m] Reached target Local File Systems (Pre).
         Mounting Mount unit for node, revision 2680...
         Mounting Mount unit for node, revision 2776...
         Mounting Mount unit for core, revision 9066...
[[0;32m  OK  [0m] Reached target Local File Systems.
         Starting Tell Plymouth To Write Out Runtime Data...
         Starting Set console font and keymap...
         Starting AppArmor initialization...
         Starting ebtables ruleset management...
[[0;32m  OK  [0m] Started Apply Kernel Variables.
[[0;32m  OK  [0m] Mounted Mount unit for node, revision 2680.
[[0;32m  OK  [0m] Mounted Mount unit for node, revision 2776.
[[0;32m  OK  [0m] Mounted Mount unit for core, revision 9066.
[[0;32m  OK  [0m] Started Set console font and keymap.
[[0;32m  OK  [0m] Started udev Kernel Device Manager.
[[0;32m  OK  [0m] Started Dispatch Password Requests to Console Directory Watch.
[[0;32m  OK  [0m] Reached target Local Encrypted Volumes.
[[0;32m  OK  [0m] Started Tell Plymouth To Write Out Runtime Data.
[[0;32m  OK  [0m] Found device /dev/ttyS0.
[[0;32m  OK  [0m] Started ebtables ruleset management.
[[0;32m  OK  [0m] Listening on Load/Save RF Kill Switch Status /dev/rfkill Watch.
[[0;32m  OK  [0m] Started Flush Journal to Persistent Storage.
         Starting Create Volatile Files and Directories...
[[0;32m  OK  [0m] Started Create Volatile Files and Directories.
         Starting Update UTMP about System Boot/Shutdown...
[[0;32m  OK  [0m] Started AppArmor initialization.
         Starting Initial cloud-init job (pre-networking)...
[[0;32m  OK  [0m] Started Update UTMP about System Boot/Shutdown.
[   35.991001] cloud-init[566]: Cloud-init v. 19.4-33-gbb4131a2-0ubuntu1~18.04.1 running 'init-local' at Tue, 02 Jun 2020 12:43:49 +0000. Up 34.33 seconds.
[[0;32m  OK  [0m] Started Initial cloud-init job (pre-networking).
[[0;32m  OK  [0m] Reached target Network (Pre).
         Starting Network Service...
[[0;32m  OK  [0m] Started Network Service.
         Starting Wait for Network to be Configured...
         Starting Network Name Resolution...
[[0;32m  OK  [0m] Started Network Name Resolution.
[[0;32m  OK  [0m] Reached target Network.
[[0;32m  OK  [0m] Reached target Host and Network Name Lookups.
[[0;32m  OK  [0m] Started Wait for Network to be Configured.
         Starting Initial cloud-init job (metadata service crawler)...
[   41.691384] cloud-init[698]: Cloud-init v. 19.4-33-gbb4131a2-0ubuntu1~18.04.1 running 'init' at Tue, 02 Jun 2020 12:43:55 +0000. Up 40.74 seconds.
[   41.698595] cloud-init[698]: ci-info: ++++++++++++++++++++++++++++++++++++++Net device info++++++++++++++++++++++++++++++++++++++
[   41.713195] cloud-init[698]: ci-info: +--------+------+----------------------------+---------------+--------+-------------------+
[   41.716394] cloud-init[698]: ci-info: | Device |  Up  |          Address           |      Mask     | Scope  |     Hw-Address    |
[   41.721139] cloud-init[698]: ci-info: +--------+------+----------------------------+---------------+--------+-------------------+
[   41.725293] cloud-init[698]: ci-info: | enp0s3 | True |         10.0.2.15          | 255.255.255.0 | global | 02:2b:21:86:a5:be |
[   41.730263] cloud-init[698]: ci-info: | enp0s3 | True | fe80::2b:21ff:fe86:a5be/64 |       .       |  link  | 02:2b:21:86:a5:be |
[   41.792215] cloud-init[698]: ci-info: |   lo   | True |         127.0.0.1          |   255.0.0.0   |  host  |         .         |
[   41.795179] cloud-init[698]: ci-info: |   lo   | True |          ::1/128           |       .       |  host  |         .         |
[   41.805296] cloud-init[698]: ci-info: +--------+------+----------------------------+---------------+--------+-------------------+
[   41.809746] cloud-init[698]: ci-info: ++++++++++++++++++++++++++++Route IPv4 info+++++++++++++++++++++++++++++
[   41.865377] cloud-init[698]: ci-info: +-------+-------------+----------+-----------------+-----------+-------+
[   41.881210] cloud-init[698]: ci-info: | Route | Destination | Gateway  |     Genmask     | Interface | Flags |
[   41.896629] cloud-init[698]: ci-info: +-------+-------------+----------+-----------------+-----------+-------+
[   41.908545] cloud-init[698]: ci-info: |   0   |   0.0.0.0   | 10.0.2.2 |     0.0.0.0     |   enp0s3  |   UG  |
[   41.921507] cloud-init[698]: ci-info: |   1   |   10.0.2.0  | 0.0.0.0  |  255.255.255.0  |   enp0s3  |   U   |
[   41.936829] cloud-init[698]: ci-info: |   2   |   10.0.2.2  | 0.0.0.0  | 255.255.255.255 |   enp0s3  |   UH  |
[   41.951121] cloud-init[698]: ci-info: +-------+-------------+----------+-----------------+-----------+-------+
[   41.965552] cloud-init[698]: ci-info: +++++++++++++++++++Route IPv6 info+++++++++++++++++++
[   41.972891] cloud-init[698]: ci-info: +-------+-------------+---------+-----------+-------+
[   42.021697] cloud-init[698]: ci-info: | Route | Destination | Gateway | Interface | Flags |
[   42.024700] cloud-init[698]: ci-info: +-------+-------------+---------+-----------+-------+
[   42.027260] cloud-init[698]: ci-info: |   1   |  fe80::/64  |    ::   |   enp0s3  |   U   |
[   42.030262] cloud-init[698]: ci-info: |   3   |    local    |    ::   |   enp0s3  |   U   |
[   42.045407] cloud-init[698]: ci-info: |   4   |   ff00::/8  |    ::   |   enp0s3  |   U   |
[   42.049154] cloud-init[698]: ci-info: +-------+-------------+---------+-----------+-------+
[[0;32m  OK  [0m] Started Initial cloud-init job (metadata service crawler).
[[0;32m  OK  [0m] Reached target Cloud-config availability.
[[0;32m  OK  [0m] Reached target System Initialization.
[[0;32m  OK  [0m] Started Daily apt download activities.
         Starting LXD - unix socket.
[[0;32m  OK  [0m] Listening on UUID daemon activation socket.
[[0;32m  OK  [0m] Started Message of the Day.
[[0;32m  OK  [0m] Listening on ACPID Listen Socket.
[[0;32m  OK  [0m] Started Daily Cleanup of Temporary Directories.
[[0;32m  OK  [0m] Started ACPI Events Check.
[[0;32m  OK  [0m] Started Discard unused blocks once a week.
         Starting Socket activation for snappy daemon.
[[0;32m  OK  [0m] Reached target Paths.
[[0;32m  OK  [0m] Listening on Open-iSCSI iscsid Socket.
[[0;32m  OK  [0m] Started Daily apt upgrade and clean activities.
[[0;32m  OK  [0m] Reached target Timers.
[[0;32m  OK  [0m] Listening on D-Bus System Message Bus Socket.
[[0;32m  OK  [0m] Reached target Network is Online.
         Starting Availability of block devices...
[[0;32m  OK  [0m] Reached target Remote File Systems (Pre).
[[0;32m  OK  [0m] Reached target Remote File Systems.
[[0;32m  OK  [0m] Listening on LXD - unix socket.
[[0;32m  OK  [0m] Listening on Socket activation for snappy daemon.
[[0;32m  OK  [0m] Reached target Sockets.
[[0;32m  OK  [0m] Reached target Basic System.
[[0;32m  OK  [0m] Started D-Bus System Message Bus.
         Starting Accounts Service...
         Starting LSB: automatic crash report generation...
         Starting Advanced key-value store...
         Starting Virtualbox guest utils...
[[0;32m  OK  [0m] Started Deferred execution scheduler.
         Starting LSB: Record successful boot for GRUB...
[[0;32m  OK  [0m] Started Regular background program processing daemon.
         Starting System Logging Service...
         Starting LXD - container startup/shutdown...
[[0;32m  OK  [0m] Started FUSE filesystem for LXC.
         Starting Snappy daemon...
         Starting OpenBSD Secure Shell server...
[[0;32m  OK  [0m] Started irqbalance daemon.
         Starting Permit User Sessions...
[[0;32m  OK  [0m] Started MongoDB Database Server.
         Starting Login Service...
         Starting Dispatcher daemon for systemd-networkd...
[[0;32m  OK  [0m] Started Availability of block devices.
[[0;32m  OK  [0m] Started Permit User Sessions.
         Starting Hold until boot process finishes up...
         Starting Terminate Plymouth Boot Screen...
[[0;32m  OK  [0m] Started Hold until boot process finishes up.
[[0;32m  OK  [0m] Started Serial Getty on ttyS0.
         Starting Set console scheme...
[[0;32m  OK  [0m] Started Terminate Plymouth Boot Screen.
[[0;32m  OK  [0m] Started Set console scheme.
[[0;32m  OK  [0m] Created slice system-getty.slice.
[[0;32m  OK  [0m] Started Getty on tty1.
[[0;32m  OK  [0m] Reached target Login Prompts.
[[0;32m  OK  [0m] Started Login Service.
[[0;32m  OK  [0m] Started Unattended Upgrades Shutdown.
[[0;32m  OK  [0m] Started System Logging Service.
[[0;32m  OK  [0m] Started LSB: automatic crash report generation.
[[0;32m  OK  [0m] Started Advanced key-value store.

Ubuntu 18.04.4 LTS ubuntu-bionic ttyS0

ubuntu-bionic login: [   84.620508] cloud-init[1473]: Cloud-init v. 19.4-33-gbb4131a2-0ubuntu1~18.04.1 running 'modules:config' at Tue, 02 Jun 2020 12:44:37 +0000. Up 82.33 seconds.
[   87.405821] cloud-init[1521]: Cloud-init v. 19.4-33-gbb4131a2-0ubuntu1~18.04.1 running 'modules:final' at Tue, 02 Jun 2020 12:44:40 +0000. Up 86.03 seconds.
[   87.409572] cloud-init[1521]: Cloud-init v. 19.4-33-gbb4131a2-0ubuntu1~18.04.1 finished at Tue, 02 Jun 2020 12:44:42 +0000. Datasource DataSourceNoCloud [seed=/dev/sdb][dsmode=net].  Up 87.22 seconds
